# JRE version: Java(TM) SE Runtime Environment (8.0_121-b13) (build 1.8.0_121-b13)
# Java VM: Java HotSpot(TM) 64-Bit Server VM (25.121-b13 mixed mode windows-amd64 compressed oops)
Heap:
 PSYoungGen      total 222208K, used 146851K [0x00000000eab00000, 0x00000000fc580000, 0x0000000100000000)
  eden space 164352K, 82% used [0x00000000eab00000,0x00000000f2f3d500,0x00000000f4b80000)
  from space 57856K, 19% used [0x00000000f8d00000,0x00000000f982b768,0x00000000fc580000)
  to   space 62464K, 0% used [0x00000000f4b80000,0x00000000f4b80000,0x00000000f8880000)
 ParOldGen       total 283648K, used 112669K [0x00000000c0000000, 0x00000000d1500000, 0x00000000eab00000)
  object space 283648K, 39% used [0x00000000c0000000,0x00000000c6e07440,0x00000000d1500000)
 Metaspace       used 23341K, capacity 24523K, committed 24704K, reserved 1071104K
  class space    used 2731K, capacity 2877K, committed 2944K, reserved 1048576K
GC Heap History (10 events):
Event: 2.952 GC heap before
{Heap before GC invocations=6 (full 2):
 PSYoungGen      total 141824K, used 10720K [0x00000000eab00000, 0x00000000faf00000, 0x0000000100000000)
  eden space 131072K, 0% used [0x00000000eab00000,0x00000000eab00000,0x00000000f2b00000)
  from space 10752K, 99% used [0x00000000f3580000,0x00000000f3ff80b0,0x00000000f4000000)
  to   space 10752K, 0% used [0x00000000f2b00000,0x00000000f2b00000,0x00000000f3580000)
 ParOldGen       total 91648K, used 82062K [0x00000000c0000000, 0x00000000c5980000, 0x00000000eab00000)
  object space 91648K, 89% used [0x00000000c0000000,0x00000000c5023bb0,0x00000000c5980000)
 Metaspace       used 20225K, capacity 21368K, committed 21680K, reserved 1069056K
  class space    used 2551K, capacity 2714K, committed 2816K, reserved 1048576K
Event: 3.972 GC heap after
Heap after GC invocations=6 (full 2):
 PSYoungGen      total 141824K, used 991K [0x00000000eab00000, 0x00000000faf00000, 0x0000000100000000)
  eden space 131072K, 0% used [0x00000000eab00000,0x00000000eab00000,0x00000000f2b00000)
  from space 10752K, 9% used [0x00000000f3580000,0x00000000f3677cf0,0x00000000f4000000)
  to   space 10752K, 0% used [0x00000000f2b00000,0x00000000f2b00000,0x00000000f3580000)
 ParOldGen       total 283648K, used 91140K [0x00000000c0000000, 0x00000000d1500000, 0x00000000eab00000)
  object space 283648K, 32% used [0x00000000c0000000,0x00000000c59010e8,0x00000000d1500000)
 Metaspace       used 20225K, capacity 21368K, committed 21680K, reserved 1069056K
  class space    used 2551K, capacity 2714K, committed 2816K, reserved 1048576K
}
Event: 5.129 GC heap before
{Heap before GC invocations=7 (full 2):
 PSYoungGen      total 141824K, used 132063K [0x00000000eab00000, 0x00000000faf00000, 0x0000000100000000)
  eden space 131072K, 100% used [0x00000000eab00000,0x00000000f2b00000,0x00000000f2b00000)
  from space 10752K, 9% used [0x00000000f3580000,0x00000000f3677cf0,0x00000000f4000000)
  to   space 10752K, 0% used [0x00000000f2b00000,0x00000000f2b00000,0x00000000f3580000)
 ParOldGen       total 283648K, used 91140K [0x00000000c0000000, 0x00000000d1500000, 0x00000000eab00000)
  object space 283648K, 32% used [0x00000000c0000000,0x00000000c59010e8,0x00000000d1500000)
 Metaspace       used 20549K, capacity 21688K, committed 21936K, reserved 1069056K
  class space    used 2583K, capacity 2714K, committed 2816K, reserved 1048576K
Event: 5.155 GC heap after
Heap after GC invocations=7 (full 2):
 PSYoungGen      total 141824K, used 10750K [0x00000000eab00000, 0x00000000fc400000, 0x0000000100000000)
  eden space 131072K, 0% used [0x00000000eab00000,0x00000000eab00000,0x00000000f2b00000)
  from space 10752K, 99% used [0x00000000f2b00000,0x00000000f357fa38,0x00000000f3580000)
  to   space 66560K, 0% used [0x00000000f8300000,0x00000000f8300000,0x00000000fc400000)
 ParOldGen       total 283648K, used 112653K [0x00000000c0000000, 0x00000000d1500000, 0x00000000eab00000)
  object space 283648K, 39% used [0x00000000c0000000,0x00000000c6e03440,0x00000000d1500000)
 Metaspace       used 20549K, capacity 21688K, committed 21936K, reserved 1069056K
  class space    used 2583K, capacity 2714K, committed 2816K, reserved 1048576K
}
Event: 5.924 GC heap before
{Heap before GC invocations=8 (full 2):
 PSYoungGen      total 141824K, used 141822K [0x00000000eab00000, 0x00000000fc400000, 0x0000000100000000)
  eden space 131072K, 100% used [0x00000000eab00000,0x00000000f2b00000,0x00000000f2b00000)
  from space 10752K, 99% used [0x00000000f2b00000,0x00000000f357fa38,0x00000000f3580000)
  to   space 66560K, 0% used [0x00000000f8300000,0x00000000f8300000,0x00000000fc400000)
 ParOldGen       total 283648K, used 112653K [0x00000000c0000000, 0x00000000d1500000, 0x00000000eab00000)
  object space 283648K, 39% used [0x00000000c0000000,0x00000000c6e03440,0x00000000d1500000)
 Metaspace       used 20573K, capacity 21688K, committed 21936K, reserved 1069056K
  class space    used 2583K, capacity 2714K, committed 2816K, reserved 1048576K
Event: 5.931 GC heap after
Heap after GC invocations=8 (full 2):
 PSYoungGen      total 210944K, used 11634K [0x00000000eab00000, 0x00000000fbe80000, 0x0000000100000000)
  eden space 150016K, 0% used [0x00000000eab00000,0x00000000eab00000,0x00000000f3d80000)
  from space 60928K, 19% used [0x00000000f8300000,0x00000000f8e5ca10,0x00000000fbe80000)
  to   space 66048K, 0% used [0x00000000f3d80000,0x00000000f3d80000,0x00000000f7e00000)
 ParOldGen       total 283648K, used 112661K [0x00000000c0000000, 0x00000000d1500000, 0x00000000eab00000)
  object space 283648K, 39% used [0x00000000c0000000,0x00000000c6e05440,0x00000000d1500000)
 Metaspace       used 20573K, capacity 21688K, committed 21936K, reserved 1069056K
  class space    used 2583K, capacity 2714K, committed 2816K, reserved 1048576K
}
Event: 6.857 GC heap before
{Heap before GC invocations=9 (full 2):
 PSYoungGen      total 210944K, used 161650K [0x00000000eab00000, 0x00000000fbe80000, 0x0000000100000000)
  eden space 150016K, 100% used [0x00000000eab00000,0x00000000f3d80000,0x00000000f3d80000)
  from space 60928K, 19% used [0x00000000f8300000,0x00000000f8e5ca10,0x00000000fbe80000)
  to   space 66048K, 0% used [0x00000000f3d80000,0x00000000f3d80000,0x00000000f7e00000)
 ParOldGen       total 283648K, used 112661K [0x00000000c0000000, 0x00000000d1500000, 0x00000000eab00000)
  object space 283648K, 39% used [0x00000000c0000000,0x00000000c6e05440,0x00000000d1500000)
 Metaspace       used 20594K, capacity 21752K, committed 21936K, reserved 1069056K
  class space    used 2583K, capacity 2714K, committed 2816K, reserved 1048576K
Event: 6.863 GC heap after
Heap after GC invocations=9 (full 2):
 PSYoungGen      total 216064K, used 11209K [0x00000000eab00000, 0x00000000fcb80000, 0x0000000100000000)
  eden space 150016K, 0% used [0x00000000eab00000,0x00000000eab00000,0x00000000f3d80000)
  from space 66048K, 16% used [0x00000000f3d80000,0x00000000f48726e0,0x00000000f7e00000)
  to   space 64000K, 0% used [0x00000000f8d00000,0x00000000f8d00000,0x00000000fcb80000)
 ParOldGen       total 283648K, used 112661K [0x00000000c0000000, 0x00000000d1500000, 0x00000000eab00000)
  object space 283648K, 39% used [0x00000000c0000000,0x00000000c6e05440,0x00000000d1500000)
 Metaspace       used 20594K, capacity 21752K, committed 21936K, reserved 1069056K
  class space    used 2583K, capacity 2714K, committed 2816K, reserved 1048576K
}
Event: 7.779 GC heap before
{Heap before GC invocations=10 (full 2):
 PSYoungGen      total 216064K, used 161225K [0x00000000eab00000, 0x00000000fcb80000, 0x0000000100000000)
  eden space 150016K, 100% used [0x00000000eab00000,0x00000000f3d80000,0x00000000f3d80000)
  from space 66048K, 16% used [0x00000000f3d80000,0x00000000f48726e0,0x00000000f7e00000)
  to   space 64000K, 0% used [0x00000000f8d00000,0x00000000f8d00000,0x00000000fcb80000)
 ParOldGen       total 283648K, used 112661K [0x00000000c0000000, 0x00000000d1500000, 0x00000000eab00000)
  object space 283648K, 39% used [0x00000000c0000000,0x00000000c6e05440,0x00000000d1500000)
 Metaspace       used 20614K, capacity 21752K, committed 21936K, reserved 1069056K
  class space    used 2583K, capacity 2714K, committed 2816K, reserved 1048576K
Event: 7.785 GC heap after
Heap after GC invocations=10 (full 2):
 PSYoungGen      total 222208K, used 11437K [0x00000000eab00000, 0x00000000fc580000, 0x0000000100000000)
  eden space 164352K, 0% used [0x00000000eab00000,0x00000000eab00000,0x00000000f4b80000)
  from space 57856K, 19% used [0x00000000f8d00000,0x00000000f982b768,0x00000000fc580000)
  to   space 62464K, 0% used [0x00000000f4b80000,0x00000000f4b80000,0x00000000f8880000)
 ParOldGen       total 283648K, used 112669K [0x00000000c0000000, 0x00000000d1500000, 0x00000000eab00000)
  object space 283648K, 39% used [0x00000000c0000000,0x00000000c6e07440,0x00000000d1500000)
 Metaspace       used 20614K, capacity 21752K, committed 21936K, reserved 1069056K
  class space    used 2583K, capacity 2714K, committed 2816K, reserved 1048576K
}

