# JRE version: Java(TM) SE Runtime Environment (8.0_121-b13) (build 1.8.0_121-b13)
# Java VM: Java HotSpot(TM) 64-Bit Server VM (25.121-b13 mixed mode windows-amd64 compressed oops)
Heap:
 PSYoungGen      total 239104K, used 220896K [0x00000000eab00000, 0x00000000ff800000, 0x0000000100000000)
  eden space 219136K, 91% used [0x00000000eab00000,0x00000000f6f769a8,0x00000000f8100000)
  from space 19968K, 98% used [0x00000000f8100000,0x00000000f9441a18,0x00000000f9480000)
  to   space 60928K, 0% used [0x00000000fbc80000,0x00000000fbc80000,0x00000000ff800000)
 ParOldGen       total 345088K, used 111315K [0x00000000c0000000, 0x00000000d5100000, 0x00000000eab00000)
  object space 345088K, 32% used [0x00000000c0000000,0x00000000c6cb4fd0,0x00000000d5100000)
 Metaspace       used 29471K, capacity 31362K, committed 31616K, reserved 1077248K
  class space    used 3236K, capacity 3413K, committed 3456K, reserved 1048576K
GC Heap History (10 events):
Event: 9.935 GC heap before
{Heap before GC invocations=5 (full 1):
 PSYoungGen      total 141824K, used 131072K [0x00000000eab00000, 0x00000000fc000000, 0x0000000100000000)
  eden space 131072K, 100% used [0x00000000eab00000,0x00000000f2b00000,0x00000000f2b00000)
  from space 10752K, 0% used [0x00000000f2b00000,0x00000000f2b00000,0x00000000f3580000)
  to   space 10752K, 0% used [0x00000000fb580000,0x00000000fb580000,0x00000000fc000000)
 ParOldGen       total 114688K, used 10662K [0x00000000c0000000, 0x00000000c7000000, 0x00000000eab00000)
  object space 114688K, 9% used [0x00000000c0000000,0x00000000c0a69938,0x00000000c7000000)
 Metaspace       used 19988K, capacity 21132K, committed 21504K, reserved 1069056K
  class space    used 2542K, capacity 2682K, committed 2816K, reserved 1048576K
Event: 10.016 GC heap after
Heap after GC invocations=5 (full 1):
 PSYoungGen      total 223232K, used 10750K [0x00000000eab00000, 0x00000000fc000000, 0x0000000100000000)
  eden space 212480K, 0% used [0x00000000eab00000,0x00000000eab00000,0x00000000f7a80000)
  from space 10752K, 99% used [0x00000000fb580000,0x00000000fbfffb38,0x00000000fc000000)
  to   space 10752K, 0% used [0x00000000fab00000,0x00000000fab00000,0x00000000fb580000)
 ParOldGen       total 114688K, used 83758K [0x00000000c0000000, 0x00000000c7000000, 0x00000000eab00000)
  object space 114688K, 73% used [0x00000000c0000000,0x00000000c51cbbd0,0x00000000c7000000)
 Metaspace       used 19988K, capacity 21132K, committed 21504K, reserved 1069056K
  class space    used 2542K, capacity 2682K, committed 2816K, reserved 1048576K
}
Event: 10.016 GC heap before
{Heap before GC invocations=6 (full 2):
 PSYoungGen      total 223232K, used 10750K [0x00000000eab00000, 0x00000000fc000000, 0x0000000100000000)
  eden space 212480K, 0% used [0x00000000eab00000,0x00000000eab00000,0x00000000f7a80000)
  from space 10752K, 99% used [0x00000000fb580000,0x00000000fbfffb38,0x00000000fc000000)
  to   space 10752K, 0% used [0x00000000fab00000,0x00000000fab00000,0x00000000fb580000)
 ParOldGen       total 114688K, used 83758K [0x00000000c0000000, 0x00000000c7000000, 0x00000000eab00000)
  object space 114688K, 73% used [0x00000000c0000000,0x00000000c51cbbd0,0x00000000c7000000)
 Metaspace       used 19988K, capacity 21132K, committed 21504K, reserved 1069056K
  class space    used 2542K, capacity 2682K, committed 2816K, reserved 1048576K
Event: 12.221 GC heap after
Heap after GC invocations=6 (full 2):
 PSYoungGen      total 223232K, used 0K [0x00000000eab00000, 0x00000000fc000000, 0x0000000100000000)
  eden space 212480K, 0% used [0x00000000eab00000,0x00000000eab00000,0x00000000f7a80000)
  from space 10752K, 0% used [0x00000000fb580000,0x00000000fb580000,0x00000000fc000000)
  to   space 10752K, 0% used [0x00000000fab00000,0x00000000fab00000,0x00000000fb580000)
 ParOldGen       total 345088K, used 93614K [0x00000000c0000000, 0x00000000d5100000, 0x00000000eab00000)
  object space 345088K, 27% used [0x00000000c0000000,0x00000000c5b6b860,0x00000000d5100000)
 Metaspace       used 19988K, capacity 21132K, committed 21504K, reserved 1069056K
  class space    used 2542K, capacity 2682K, committed 2816K, reserved 1048576K
}
Event: 19.285 GC heap before
{Heap before GC invocations=7 (full 2):
 PSYoungGen      total 223232K, used 212480K [0x00000000eab00000, 0x00000000fc000000, 0x0000000100000000)
  eden space 212480K, 100% used [0x00000000eab00000,0x00000000f7a80000,0x00000000f7a80000)
  from space 10752K, 0% used [0x00000000fb580000,0x00000000fb580000,0x00000000fc000000)
  to   space 10752K, 0% used [0x00000000fab00000,0x00000000fab00000,0x00000000fb580000)
 ParOldGen       total 345088K, used 93614K [0x00000000c0000000, 0x00000000d5100000, 0x00000000eab00000)
  object space 345088K, 27% used [0x00000000c0000000,0x00000000c5b6b860,0x00000000d5100000)
 Metaspace       used 20383K, capacity 21484K, committed 21760K, reserved 1069056K
  class space    used 2579K, capacity 2714K, committed 2816K, reserved 1048576K
Event: 19.348 GC heap after
Heap after GC invocations=7 (full 2):
 PSYoungGen      total 238592K, used 10751K [0x00000000eab00000, 0x0000000100000000, 0x0000000100000000)
  eden space 227840K, 0% used [0x00000000eab00000,0x00000000eab00000,0x00000000f8980000)
  from space 10752K, 99% used [0x00000000fab00000,0x00000000fb57fda8,0x00000000fb580000)
  to   space 65536K, 0% used [0x00000000fc000000,0x00000000fc000000,0x0000000100000000)
 ParOldGen       total 345088K, used 111299K [0x00000000c0000000, 0x00000000d5100000, 0x00000000eab00000)
  object space 345088K, 32% used [0x00000000c0000000,0x00000000c6cb0fd0,0x00000000d5100000)
 Metaspace       used 20383K, capacity 21484K, committed 21760K, reserved 1069056K
  class space    used 2579K, capacity 2714K, committed 2816K, reserved 1048576K
}
Event: 29.002 GC heap before
{Heap before GC invocations=8 (full 2):
 PSYoungGen      total 238592K, used 238591K [0x00000000eab00000, 0x0000000100000000, 0x0000000100000000)
  eden space 227840K, 100% used [0x00000000eab00000,0x00000000f8980000,0x00000000f8980000)
  from space 10752K, 99% used [0x00000000fab00000,0x00000000fb57fda8,0x00000000fb580000)
  to   space 65536K, 0% used [0x00000000fc000000,0x00000000fc000000,0x0000000100000000)
 ParOldGen       total 345088K, used 111299K [0x00000000c0000000, 0x00000000d5100000, 0x00000000eab00000)
  object space 345088K, 32% used [0x00000000c0000000,0x00000000c6cb0fd0,0x00000000d5100000)
 Metaspace       used 20435K, capacity 21612K, committed 21760K, reserved 1069056K
  class space    used 2579K, capacity 2714K, committed 2816K, reserved 1048576K
Event: 29.058 GC heap after
Heap after GC invocations=8 (full 2):
 PSYoungGen      total 284672K, used 10745K [0x00000000eab00000, 0x0000000100000000, 0x0000000100000000)
  eden space 219136K, 0% used [0x00000000eab00000,0x00000000eab00000,0x00000000f8100000)
  from space 65536K, 16% used [0x00000000fc000000,0x00000000fca7e628,0x0000000100000000)
  to   space 64512K, 0% used [0x00000000f8100000,0x00000000f8100000,0x00000000fc000000)
 ParOldGen       total 345088K, used 111307K [0x00000000c0000000, 0x00000000d5100000, 0x00000000eab00000)
  object space 345088K, 32% used [0x00000000c0000000,0x00000000c6cb2fd0,0x00000000d5100000)
 Metaspace       used 20435K, capacity 21612K, committed 21760K, reserved 1069056K
  class space    used 2579K, capacity 2714K, committed 2816K, reserved 1048576K
}
Event: 37.493 GC heap before
{Heap before GC invocations=9 (full 2):
 PSYoungGen      total 284672K, used 229881K [0x00000000eab00000, 0x0000000100000000, 0x0000000100000000)
  eden space 219136K, 100% used [0x00000000eab00000,0x00000000f8100000,0x00000000f8100000)
  from space 65536K, 16% used [0x00000000fc000000,0x00000000fca7e628,0x0000000100000000)
  to   space 64512K, 0% used [0x00000000f8100000,0x00000000f8100000,0x00000000fc000000)
 ParOldGen       total 345088K, used 111307K [0x00000000c0000000, 0x00000000d5100000, 0x00000000eab00000)
  object space 345088K, 32% used [0x00000000c0000000,0x00000000c6cb2fd0,0x00000000d5100000)
 Metaspace       used 22566K, capacity 23774K, committed 24192K, reserved 1071104K
  class space    used 2681K, capacity 2844K, committed 2944K, reserved 1048576K
Event: 37.552 GC heap after
Heap after GC invocations=9 (full 2):
 PSYoungGen      total 239104K, used 19718K [0x00000000eab00000, 0x00000000ff800000, 0x0000000100000000)
  eden space 219136K, 0% used [0x00000000eab00000,0x00000000eab00000,0x00000000f8100000)
  from space 19968K, 98% used [0x00000000f8100000,0x00000000f9441a18,0x00000000f9480000)
  to   space 60928K, 0% used [0x00000000fbc80000,0x00000000fbc80000,0x00000000ff800000)
 ParOldGen       total 345088K, used 111315K [0x00000000c0000000, 0x00000000d5100000, 0x00000000eab00000)
  object space 345088K, 32% used [0x00000000c0000000,0x00000000c6cb4fd0,0x00000000d5100000)
 Metaspace       used 22566K, capacity 23774K, committed 24192K, reserved 1071104K
  class space    used 2681K, capacity 2844K, committed 2944K, reserved 1048576K
}

